{"total": {"lines":{"total":2107,"covered":217,"skipped":0,"pct":10.29},"statements":{"total":2345,"covered":233,"skipped":0,"pct":9.93},"functions":{"total":549,"covered":38,"skipped":0,"pct":6.92},"branches":{"total":1661,"covered":96,"skipped":0,"pct":5.77},"branchesTrue":{"total":0,"covered":0,"skipped":0,"pct":100}}
,"/Users/enginelibol/Documents/MacroMate/src/App.tsx": {"lines":{"total":153,"covered":0,"skipped":0,"pct":0},"functions":{"total":50,"covered":0,"skipped":0,"pct":0},"statements":{"total":164,"covered":0,"skipped":0,"pct":0},"branches":{"total":104,"covered":0,"skipped":0,"pct":0}}
,"/Users/enginelibol/Documents/MacroMate/src/components/AuthModal.tsx": {"lines":{"total":78,"covered":0,"skipped":0,"pct":0},"functions":{"total":12,"covered":0,"skipped":0,"pct":0},"statements":{"total":80,"covered":0,"skipped":0,"pct":0},"branches":{"total":62,"covered":0,"skipped":0,"pct":0}}
,"/Users/enginelibol/Documents/MacroMate/src/components/BarcodeScanner.tsx": {"lines":{"total":129,"covered":0,"skipped":0,"pct":0},"functions":{"total":26,"covered":0,"skipped":0,"pct":0},"statements":{"total":137,"covered":0,"skipped":0,"pct":0},"branches":{"total":117,"covered":0,"skipped":0,"pct":0}}
,"/Users/enginelibol/Documents/MacroMate/src/components/EmailVerificationScreen.tsx": {"lines":{"total":88,"covered":0,"skipped":0,"pct":0},"functions":{"total":21,"covered":0,"skipped":0,"pct":0},"statements":{"total":109,"covered":0,"skipped":0,"pct":0},"branches":{"total":74,"covered":0,"skipped":0,"pct":0}}
,"/Users/enginelibol/Documents/MacroMate/src/components/FoodForm.tsx": {"lines":{"total":72,"covered":0,"skipped":0,"pct":0},"functions":{"total":23,"covered":0,"skipped":0,"pct":0},"statements":{"total":78,"covered":0,"skipped":0,"pct":0},"branches":{"total":74,"covered":0,"skipped":0,"pct":0}}
,"/Users/enginelibol/Documents/MacroMate/src/components/FoodList.tsx": {"lines":{"total":98,"covered":0,"skipped":0,"pct":0},"functions":{"total":37,"covered":0,"skipped":0,"pct":0},"statements":{"total":104,"covered":0,"skipped":0,"pct":0},"branches":{"total":57,"covered":0,"skipped":0,"pct":0}}
,"/Users/enginelibol/Documents/MacroMate/src/components/FoodTemplatesModal.tsx": {"lines":{"total":190,"covered":0,"skipped":0,"pct":0},"functions":{"total":59,"covered":0,"skipped":0,"pct":0},"statements":{"total":219,"covered":0,"skipped":0,"pct":0},"branches":{"total":152,"covered":0,"skipped":0,"pct":0}}
,"/Users/enginelibol/Documents/MacroMate/src/components/GoalSettingsModal.tsx": {"lines":{"total":37,"covered":0,"skipped":0,"pct":0},"functions":{"total":19,"covered":0,"skipped":0,"pct":0},"statements":{"total":43,"covered":0,"skipped":0,"pct":0},"branches":{"total":15,"covered":0,"skipped":0,"pct":0}}
,"/Users/enginelibol/Documents/MacroMate/src/components/HistoryModal.tsx": {"lines":{"total":279,"covered":0,"skipped":0,"pct":0},"functions":{"total":98,"covered":0,"skipped":0,"pct":0},"statements":{"total":311,"covered":0,"skipped":0,"pct":0},"branches":{"total":420,"covered":0,"skipped":0,"pct":0}}
,"/Users/enginelibol/Documents/MacroMate/src/components/ProfileModal.tsx": {"lines":{"total":137,"covered":0,"skipped":0,"pct":0},"functions":{"total":22,"covered":0,"skipped":0,"pct":0},"statements":{"total":144,"covered":0,"skipped":0,"pct":0},"branches":{"total":153,"covered":0,"skipped":0,"pct":0}}
,"/Users/enginelibol/Documents/MacroMate/src/components/StatsCard.tsx": {"lines":{"total":27,"covered":27,"skipped":0,"pct":100},"functions":{"total":6,"covered":6,"skipped":0,"pct":100},"statements":{"total":29,"covered":29,"skipped":0,"pct":100},"branches":{"total":19,"covered":18,"skipped":0,"pct":94.73}}
,"/Users/enginelibol/Documents/MacroMate/src/components/StatsTab.tsx": {"lines":{"total":109,"covered":0,"skipped":0,"pct":0},"functions":{"total":20,"covered":0,"skipped":0,"pct":0},"statements":{"total":119,"covered":0,"skipped":0,"pct":0},"branches":{"total":147,"covered":0,"skipped":0,"pct":0}}
,"/Users/enginelibol/Documents/MacroMate/src/components/Toast.tsx": {"lines":{"total":3,"covered":3,"skipped":0,"pct":100},"functions":{"total":1,"covered":1,"skipped":0,"pct":100},"statements":{"total":3,"covered":3,"skipped":0,"pct":100},"branches":{"total":0,"covered":0,"skipped":0,"pct":100}}
,"/Users/enginelibol/Documents/MacroMate/src/contexts/AuthContext.tsx": {"lines":{"total":120,"covered":0,"skipped":0,"pct":0},"functions":{"total":19,"covered":0,"skipped":0,"pct":0},"statements":{"total":130,"covered":0,"skipped":0,"pct":0},"branches":{"total":44,"covered":0,"skipped":0,"pct":0}}
,"/Users/enginelibol/Documents/MacroMate/src/hooks/useFoodTracker.ts": {"lines":{"total":271,"covered":0,"skipped":0,"pct":0},"functions":{"total":57,"covered":0,"skipped":0,"pct":0},"statements":{"total":320,"covered":0,"skipped":0,"pct":0},"branches":{"total":112,"covered":0,"skipped":0,"pct":0}}
,"/Users/enginelibol/Documents/MacroMate/src/hooks/useLocalStorage.ts": {"lines":{"total":11,"covered":10,"skipped":0,"pct":90.9},"functions":{"total":3,"covered":3,"skipped":0,"pct":100},"statements":{"total":11,"covered":10,"skipped":0,"pct":90.9},"branches":{"total":2,"covered":2,"skipped":0,"pct":100}}
,"/Users/enginelibol/Documents/MacroMate/src/services/firestoreService.ts": {"lines":{"total":123,"covered":0,"skipped":0,"pct":0},"functions":{"total":48,"covered":0,"skipped":0,"pct":0},"statements":{"total":148,"covered":0,"skipped":0,"pct":0},"branches":{"total":30,"covered":0,"skipped":0,"pct":0}}
,"/Users/enginelibol/Documents/MacroMate/src/services/openFoodFactsService.ts": {"lines":{"total":20,"covered":20,"skipped":0,"pct":100},"functions":{"total":1,"covered":1,"skipped":0,"pct":100},"statements":{"total":20,"covered":20,"skipped":0,"pct":100},"branches":{"total":28,"covered":27,"skipped":0,"pct":96.42}}
,"/Users/enginelibol/Documents/MacroMate/src/utils/dateUtils.ts": {"lines":{"total":67,"covered":62,"skipped":0,"pct":92.53},"functions":{"total":16,"covered":16,"skipped":0,"pct":100},"statements":{"total":74,"covered":69,"skipped":0,"pct":93.24},"branches":{"total":16,"covered":14,"skipped":0,"pct":87.5}}
,"/Users/enginelibol/Documents/MacroMate/src/utils/numberUtils.ts": {"lines":{"total":8,"covered":8,"skipped":0,"pct":100},"functions":{"total":2,"covered":2,"skipped":0,"pct":100},"statements":{"total":8,"covered":8,"skipped":0,"pct":100},"branches":{"total":5,"covered":5,"skipped":0,"pct":100}}
,"/Users/enginelibol/Documents/MacroMate/src/utils/statsUtils.ts": {"lines":{"total":87,"covered":87,"skipped":0,"pct":100},"functions":{"total":9,"covered":9,"skipped":0,"pct":100},"statements":{"total":94,"covered":94,"skipped":0,"pct":100},"branches":{"total":30,"covered":30,"skipped":0,"pct":100}}
}
